TN:
SF:./dist/angular-client-cache.js
FN:4,(anonymous_1)
FN:5,(anonymous_2)
FN:11,(anonymous_3)
FN:12,ClientCacheService
FN:21,(anonymous_5)
FN:33,(anonymous_6)
FN:45,(anonymous_7)
FN:63,(anonymous_8)
FN:66,(anonymous_9)
FN:80,(anonymous_10)
FN:95,(anonymous_11)
FN:98,(anonymous_12)
FN:108,(anonymous_13)
FN:122,(anonymous_14)
FN:136,(anonymous_15)
FN:139,(anonymous_16)
FN:153,factory
FNF:17
FNH:17
FNDA:1,(anonymous_1)
FNDA:1,(anonymous_2)
FNDA:1,(anonymous_3)
FNDA:18,ClientCacheService
FNDA:19,(anonymous_5)
FNDA:14,(anonymous_6)
FNDA:10,(anonymous_7)
FNDA:4,(anonymous_8)
FNDA:1,(anonymous_9)
FNDA:3,(anonymous_10)
FNDA:41,(anonymous_11)
FNDA:14,(anonymous_12)
FNDA:24,(anonymous_13)
FNDA:13,(anonymous_14)
FNDA:40,(anonymous_15)
FNDA:4,(anonymous_16)
FNDA:18,factory
DA:3,1
DA:4,1
DA:5,1
DA:6,1
DA:7,1
DA:8,1
DA:10,1
DA:11,1
DA:12,1
DA:13,18
DA:14,18
DA:15,18
DA:21,1
DA:22,19
DA:23,19
DA:24,2
DA:25,17
DA:26,1
DA:27,16
DA:28,16
DA:30,16
DA:31,3
DA:33,16
DA:34,14
DA:35,14
DA:36,13
DA:37,1
DA:39,13
DA:41,14
DA:43,16
DA:45,1
DA:46,10
DA:47,0
DA:48,10
DA:49,10
DA:50,0
DA:52,10
DA:53,0
DA:54,10
DA:55,10
DA:56,10
DA:59,7
DA:61,10
DA:63,1
DA:64,4
DA:66,1
DA:67,1
DA:68,1
DA:70,0
DA:71,0
DA:73,0
DA:74,0
DA:76,1
DA:77,1
DA:80,1
DA:81,3
DA:82,3
DA:83,3
DA:85,1
DA:86,1
DA:88,1
DA:89,1
DA:91,1
DA:92,1
DA:95,1
DA:96,41
DA:98,1
DA:99,14
DA:100,14
DA:101,12
DA:102,2
DA:103,0
DA:104,2
DA:105,2
DA:106,2
DA:108,1
DA:109,24
DA:110,24
DA:112,0
DA:114,0
DA:116,24
DA:117,24
DA:118,24
DA:119,0
DA:122,1
DA:123,13
DA:124,13
DA:126,0
DA:127,0
DA:129,0
DA:130,0
DA:132,13
DA:133,13
DA:136,1
DA:137,40
DA:139,1
DA:140,4
DA:141,4
DA:142,0
DA:143,4
DA:144,19
DA:145,19
DA:146,19
DA:148,4
DA:150,1
DA:152,1
DA:153,1
DA:154,18
DA:156,1
DA:160,1
DA:161,1
LF:111
LH:95
BRDA:9,1,0,1
BRDA:9,1,1,1
BRDA:23,2,0,2
BRDA:23,2,1,17
BRDA:25,3,0,1
BRDA:25,3,1,16
BRDA:30,4,0,3
BRDA:30,4,1,13
BRDA:30,5,0,16
BRDA:30,5,1,13
BRDA:30,5,2,13
BRDA:30,6,0,13
BRDA:30,6,1,13
BRDA:35,7,0,13
BRDA:35,7,1,1
BRDA:36,8,0,1
BRDA:36,8,1,12
BRDA:46,9,0,0
BRDA:46,9,1,10
BRDA:49,10,0,0
BRDA:49,10,1,10
BRDA:49,11,0,10
BRDA:49,11,1,10
BRDA:52,12,0,0
BRDA:52,12,1,10
BRDA:68,13,0,0
BRDA:68,13,1,0
BRDA:68,13,2,1
BRDA:83,14,0,1
BRDA:83,14,1,1
BRDA:83,14,2,1
BRDA:96,15,0,37
BRDA:96,15,1,4
BRDA:100,16,0,12
BRDA:100,16,1,2
BRDA:100,17,0,14
BRDA:100,17,1,14
BRDA:102,18,0,0
BRDA:102,18,1,2
BRDA:110,19,0,0
BRDA:110,19,1,0
BRDA:110,19,2,24
BRDA:117,20,0,24
BRDA:117,20,1,0
BRDA:124,21,0,0
BRDA:124,21,1,0
BRDA:124,21,2,13
BRDA:141,22,0,0
BRDA:141,22,1,4
BRDA:162,23,0,1
BRDA:162,23,1,1
BRF:51
BRH:39
end_of_record
