TN:
SF:./dist/angular-client-cache.js
FN:4,(anonymous_1)
FN:5,(anonymous_2)
FN:6,ClientCacheService
FN:15,(anonymous_4)
FN:35,(anonymous_5)
FN:53,(anonymous_6)
FN:66,(anonymous_7)
FN:71,(anonymous_8)
FN:79,(anonymous_9)
FN:86,(anonymous_10)
FN:90,(anonymous_11)
FN:95,(anonymous_12)
FN:105,(anonymous_13)
FN:115,(anonymous_14)
FN:118,(anonymous_15)
FN:132,factory
FNF:16
FNH:13
FNDA:1,(anonymous_1)
FNDA:1,(anonymous_2)
FNDA:13,ClientCacheService
FNDA:11,(anonymous_4)
FNDA:4,(anonymous_5)
FNDA:3,(anonymous_6)
FNDA:0,(anonymous_7)
FNDA:0,(anonymous_8)
FNDA:3,(anonymous_9)
FNDA:14,(anonymous_10)
FNDA:1,(anonymous_11)
FNDA:5,(anonymous_12)
FNDA:8,(anonymous_13)
FNDA:24,(anonymous_14)
FNDA:0,(anonymous_15)
FNDA:13,factory
DA:3,1
DA:4,1
DA:5,1
DA:6,1
DA:7,13
DA:8,13
DA:9,13
DA:13,13
DA:15,1
DA:16,11
DA:17,2
DA:18,9
DA:19,1
DA:20,8
DA:21,8
DA:23,8
DA:24,4
DA:26,8
DA:27,8
DA:28,8
DA:29,8
DA:30,1
DA:32,8
DA:35,1
DA:36,4
DA:37,0
DA:38,4
DA:39,4
DA:40,4
DA:41,4
DA:44,0
DA:46,0
DA:47,0
DA:49,0
DA:50,0
DA:51,0
DA:53,1
DA:54,3
DA:55,3
DA:56,3
DA:57,3
DA:58,3
DA:59,1
DA:60,1
DA:61,1
DA:62,0
DA:63,1
DA:64,1
DA:66,2
DA:67,0
DA:68,0
DA:69,0
DA:70,0
DA:73,0
DA:74,0
DA:75,0
DA:76,0
DA:79,1
DA:80,3
DA:81,3
DA:82,1
DA:83,1
DA:86,1
DA:87,14
DA:88,14
DA:90,1
DA:91,1
DA:92,1
DA:93,1
DA:95,1
DA:96,5
DA:97,5
DA:98,5
DA:101,2
DA:103,5
DA:105,1
DA:106,8
DA:107,8
DA:108,8
DA:109,0
DA:110,0
DA:111,0
DA:112,0
DA:113,0
DA:115,1
DA:116,24
DA:118,1
DA:119,0
DA:120,0
DA:121,0
DA:122,0
DA:123,0
DA:124,0
DA:125,0
DA:127,0
DA:129,1
DA:131,1
DA:132,1
DA:133,13
DA:135,1
DA:139,1
DA:140,1
LF:102
LH:73
BRDA:16,1,0,2
BRDA:16,1,1,9
BRDA:18,2,0,1
BRDA:18,2,1,8
BRDA:23,3,0,4
BRDA:23,3,1,4
BRDA:23,4,0,8
BRDA:23,4,1,4
BRDA:23,4,2,4
BRDA:23,5,0,4
BRDA:23,5,1,4
BRDA:28,6,0,8
BRDA:28,6,1,0
BRDA:29,7,0,1
BRDA:29,7,1,7
BRDA:36,8,0,0
BRDA:36,8,1,4
BRDA:40,9,0,4
BRDA:40,9,1,0
BRDA:40,10,0,4
BRDA:40,10,1,4
BRDA:46,11,0,0
BRDA:46,11,1,0
BRDA:46,12,0,0
BRDA:46,12,1,0
BRDA:49,13,0,0
BRDA:49,13,1,0
BRDA:58,14,0,1
BRDA:58,14,1,2
BRDA:58,15,0,3
BRDA:58,15,1,1
BRDA:61,16,0,0
BRDA:61,16,1,1
BRDA:61,17,0,1
BRDA:61,17,1,0
BRDA:68,18,0,0
BRDA:68,18,1,0
BRDA:68,19,0,0
BRDA:68,19,1,0
BRDA:74,20,0,0
BRDA:74,20,1,0
BRDA:74,21,0,0
BRDA:74,21,1,0
BRDA:81,22,0,1
BRDA:81,22,1,2
BRDA:81,23,0,3
BRDA:81,23,1,1
BRDA:107,24,0,8
BRDA:107,24,1,0
BRDA:107,25,0,8
BRDA:107,25,1,8
BRDA:109,26,0,0
BRDA:109,26,1,0
BRDA:120,27,0,0
BRDA:120,27,1,0
BRDA:141,28,0,1
BRDA:141,28,1,1
BRF:57
BRH:33
end_of_record
